<?xml version="1.0" encoding="UTF-8"?>
<robot generator="Robot 6.1.1 (Python 3.12.0 on win32)" generated="20231226 14:50:06.110" rpa="false" schemaversion="4">
<suite id="s1" name="Estudo Database" source="c:\Automação com Robot\LivroRobot\bookstore-demo-test\tests\estudo_database.robot">
<test id="s1-t1" name="Retornar mensagem de alerta para produtos com quantidade zero" line="31">
<kw name="Open database connection" library="database">
<kw name="Connect To Database" library="DatabaseLibrary">
<arg>pymysql</arg>
<arg>${DB_NAME}</arg>
<arg>${DB_USER}</arg>
<arg>${DB_PASS}</arg>
<arg>${DB_HOST}</arg>
<arg>${DB_PORT}</arg>
<doc>Loads the DB API 2.0 module given ``dbapiModuleName`` then uses it to
connect to the database using provided parameters such as ``dbName``, ``dbUsername``, and ``dbPassword``.</doc>
<msg timestamp="20231226 14:50:06.172" level="INFO">Connecting using : pymysql.connect(db=robotframework, user=root, passwd=***, host=localhost, port=3306, charset=None)</msg>
<status status="PASS" starttime="20231226 14:50:06.150" endtime="20231226 14:50:06.183"/>
</kw>
<status status="PASS" starttime="20231226 14:50:06.150" endtime="20231226 14:50:06.183"/>
</kw>
<kw name="Valida estoque" library="data_base_queries">
<var>${produtos}</var>
<kw name="Query" library="DatabaseLibrary">
<var>@{produtos}</var>
<arg>SELECT nome FROM produtos WHERE quantidade = 0;</arg>
<doc>Runs a query with the ``selectStatement`` and returns the result as a list of rows.
The type of row values depends on the database module -
usually they are tuples or tuple-like objects.</doc>
<msg timestamp="20231226 14:50:06.183" level="INFO">Executing : Query  |  SELECT nome FROM produtos WHERE quantidade = 0; </msg>
<msg timestamp="20231226 14:50:06.186" level="INFO">@{produtos} = [ ('Fralda',) | ('Bermuda',) ]</msg>
<status status="PASS" starttime="20231226 14:50:06.183" endtime="20231226 14:50:06.186"/>
</kw>
<kw name="Return From Keyword" library="BuiltIn">
<arg>@{produtos}</arg>
<doc>Returns from the enclosing user keyword.</doc>
<msg timestamp="20231226 14:50:06.186" level="INFO">Returning from the enclosing user keyword.</msg>
<status status="PASS" starttime="20231226 14:50:06.186" endtime="20231226 14:50:06.186"/>
</kw>
<msg timestamp="20231226 14:50:06.186" level="INFO">${produtos} = [('Fralda',), ('Bermuda',)]</msg>
<status status="PASS" starttime="20231226 14:50:06.183" endtime="20231226 14:50:06.186"/>
</kw>
<kw name="Log" library="BuiltIn">
<arg>{produtos}: ${produtos}</arg>
<doc>Logs the given message with the given level.</doc>
<msg timestamp="20231226 14:50:06.186" level="INFO">{produtos}: [('Fralda',), ('Bermuda',)]</msg>
<status status="PASS" starttime="20231226 14:50:06.186" endtime="20231226 14:50:06.186"/>
</kw>
<kw name="Log" library="BuiltIn">
<arg>Os produtos ${produtos} estão com estoque zerados.</arg>
<arg>console=True</arg>
<doc>Logs the given message with the given level.</doc>
<msg timestamp="20231226 14:50:06.186" level="INFO">Os produtos [('Fralda',), ('Bermuda',)] estão com estoque zerados.</msg>
<status status="PASS" starttime="20231226 14:50:06.186" endtime="20231226 14:50:06.186"/>
</kw>
<kw name="Close database connection" library="database" type="TEARDOWN">
<kw name="Disconnect From Database" library="DatabaseLibrary">
<doc>Disconnects from the database.</doc>
<msg timestamp="20231226 14:50:06.186" level="INFO">Executing : Disconnect From Database</msg>
<status status="PASS" starttime="20231226 14:50:06.186" endtime="20231226 14:50:06.186"/>
</kw>
<status status="PASS" starttime="20231226 14:50:06.186" endtime="20231226 14:50:06.186"/>
</kw>
<status status="PASS" starttime="20231226 14:50:06.150" endtime="20231226 14:50:06.198"/>
</test>
<status status="PASS" starttime="20231226 14:50:06.110" endtime="20231226 14:50:06.198"/>
</suite>
<statistics>
<total>
<stat pass="1" fail="0" skip="0">All Tests</stat>
</total>
<tag>
</tag>
<suite>
<stat pass="1" fail="0" skip="0" id="s1" name="Estudo Database">Estudo Database</stat>
</suite>
</statistics>
<errors>
</errors>
</robot>
