<?xml version="1.0" encoding="UTF-8"?>
<robot generator="Robot 6.1.1 (Python 3.12.0 on win32)" generated="20231103 10:14:04.566" rpa="false" schemaversion="4">
<suite id="s1" name="Testes" source="C:\Automação com Robot\LivroRobot\bookstore-demo-test\tests\testes.robot">
<test id="s1-t1" name="Scenario: Success sign in as Natural Person" line="21">
<kw name="Name Male" library="FakerLibrary">
<var>${nome}</var>
<msg timestamp="20231103 10:14:04.943" level="INFO">${nome} = Carl Little</msg>
<status status="PASS" starttime="20231103 10:14:04.943" endtime="20231103 10:14:04.943"/>
</kw>
<kw name="Email" library="FakerLibrary">
<var>${emailTelefone}</var>
<msg timestamp="20231103 10:14:04.943" level="INFO">${emailTelefone} = pnelson@example.org</msg>
<status status="PASS" starttime="20231103 10:14:04.943" endtime="20231103 10:14:04.943"/>
</kw>
<kw name="Password" library="FakerLibrary">
<var>${senha}</var>
<doc>Generate a random password of the specified ``length``.</doc>
<msg timestamp="20231103 10:14:04.943" level="INFO">${senha} = !1UFMSx)$i</msg>
<status status="PASS" starttime="20231103 10:14:04.943" endtime="20231103 10:14:04.943"/>
</kw>
<kw name="Abrir site Amazon.com" library="common.">
<kw name="Open Browser" library="SeleniumLibrary">
<arg>url=http://amazon.com.br</arg>
<arg>browser=chrome</arg>
<doc>Opens a new browser instance to the optional ``url``.</doc>
<msg timestamp="20231103 10:14:04.943" level="INFO">Opening browser 'chrome' to base url 'http://amazon.com.br'.</msg>
<msg timestamp="20231103 10:14:05.292" level="WARN">The chromedriver version (117.0.5938.149) detected in PATH at C:\Users\renat\AppData\Local\Programs\Python\Python312\Scripts\chromedriver.exe might not be compatible with the detected chrome version (118.0.5993.120); currently, chromedriver 118.0.5993.70 is recommended for chrome 118.*, so it is advised to delete the driver in PATH and retry</msg>
<status status="PASS" starttime="20231103 10:14:04.943" endtime="20231103 10:14:08.636"/>
</kw>
<kw name="Maximize Browser Window" library="SeleniumLibrary">
<doc>Maximizes current browser window.</doc>
<status status="PASS" starttime="20231103 10:14:08.636" endtime="20231103 10:14:08.774"/>
</kw>
<status status="PASS" starttime="20231103 10:14:04.943" endtime="20231103 10:14:08.781"/>
</kw>
<kw name="Realizar novo cadastro" library="cadastro">
<arg>${nome}</arg>
<arg>${emailTelefone}</arg>
<arg>${senha}</arg>
<arg>msg_validação=Resolva este quebra-cabeça para proteger sua conta</arg>
<kw name="Wait Until Page Contains" library="SeleniumLibrary">
<arg>Comece aqui</arg>
<doc>Waits until ``text`` appears on the current page.</doc>
<status status="PASS" starttime="20231103 10:14:08.781" endtime="20231103 10:14:08.856"/>
</kw>
<kw name="Click Element" library="SeleniumLibrary">
<arg>${comece_aqui}</arg>
<doc>Click the element identified by ``locator``.</doc>
<msg timestamp="20231103 10:14:08.856" level="INFO">Clicking element '//div[@class='nav-signin-tooltip-footer']//a[@class='nav-a'][normalize-space()='Comece aqui.']'.</msg>
<status status="PASS" starttime="20231103 10:14:08.856" endtime="20231103 10:14:09.513"/>
</kw>
<kw name="Wait Until Element Is Visible" library="SeleniumLibrary">
<arg>${seu_nome}</arg>
<arg>timeout=5</arg>
<doc>Waits until the element ``locator`` is visible.</doc>
<status status="PASS" starttime="20231103 10:14:09.513" endtime="20231103 10:14:09.538"/>
</kw>
<kw name="Input Text" library="SeleniumLibrary">
<arg>${seu_nome}</arg>
<arg>${nome}</arg>
<doc>Types the given ``text`` into the text field identified by ``locator``.</doc>
<msg timestamp="20231103 10:14:09.538" level="INFO">Typing text 'Carl Little' into text field 'id:ap_customer_name'.</msg>
<status status="PASS" starttime="20231103 10:14:09.538" endtime="20231103 10:14:09.608"/>
</kw>
<kw name="Input Text" library="SeleniumLibrary">
<arg>${email_ou_telefone}</arg>
<arg>${emailTelefone}</arg>
<doc>Types the given ``text`` into the text field identified by ``locator``.</doc>
<msg timestamp="20231103 10:14:09.608" level="INFO">Typing text 'pnelson@example.org' into text field 'id:ap_email'.</msg>
<status status="PASS" starttime="20231103 10:14:09.608" endtime="20231103 10:14:09.709"/>
</kw>
<kw name="Input Password" library="SeleniumLibrary">
<arg>${password}</arg>
<arg>${senha}</arg>
<doc>Types the given password into the text field identified by ``locator``.</doc>
<msg timestamp="20231103 10:14:09.709" level="INFO">Typing password into text field 'id:ap_password'.</msg>
<msg timestamp="20231103 10:14:09.733" level="INFO">Temporally setting log level to: NONE</msg>
<msg timestamp="20231103 10:14:09.781" level="INFO">Log level changed from NONE to INFO.</msg>
<status status="PASS" starttime="20231103 10:14:09.709" endtime="20231103 10:14:09.781"/>
</kw>
<kw name="Input Password" library="SeleniumLibrary">
<arg>${confirma_senha}</arg>
<arg>${senha}</arg>
<doc>Types the given password into the text field identified by ``locator``.</doc>
<msg timestamp="20231103 10:14:09.783" level="INFO">Typing password into text field 'id:ap_password_check'.</msg>
<msg timestamp="20231103 10:14:09.805" level="INFO">Temporally setting log level to: NONE</msg>
<msg timestamp="20231103 10:14:09.854" level="INFO">Log level changed from NONE to INFO.</msg>
<status status="PASS" starttime="20231103 10:14:09.781" endtime="20231103 10:14:09.854"/>
</kw>
<kw name="Click Button" library="SeleniumLibrary">
<arg>${button_continue}</arg>
<doc>Clicks the button identified by ``locator``.</doc>
<msg timestamp="20231103 10:14:09.854" level="INFO">Clicking button 'id:continue'.</msg>
<status status="PASS" starttime="20231103 10:14:09.854" endtime="20231103 10:14:10.598"/>
</kw>
<kw name="Sleep" library="BuiltIn">
<arg>5s</arg>
<doc>Pauses the test executed for the given time.</doc>
<msg timestamp="20231103 10:14:15.599" level="INFO">Slept 5 seconds</msg>
<status status="PASS" starttime="20231103 10:14:10.598" endtime="20231103 10:14:15.599"/>
</kw>
<kw name="Page Should Contain" library="SeleniumLibrary">
<arg>${msg_validação}</arg>
<doc>Verifies that current page contains ``text``.</doc>
<msg timestamp="20231103 10:14:15.622" level="INFO">Current page contains text 'Resolva este quebra-cabeça para proteger sua conta'.</msg>
<status status="PASS" starttime="20231103 10:14:15.599" endtime="20231103 10:14:15.622"/>
</kw>
<status status="PASS" starttime="20231103 10:14:08.781" endtime="20231103 10:14:15.622"/>
</kw>
<status status="PASS" starttime="20231103 10:14:04.943" endtime="20231103 10:14:15.622"/>
</test>
<status status="PASS" starttime="20231103 10:14:04.566" endtime="20231103 10:14:15.622"/>
</suite>
<statistics>
<total>
<stat pass="1" fail="0" skip="0">All Tests</stat>
</total>
<tag>
</tag>
<suite>
<stat pass="1" fail="0" skip="0" id="s1" name="Testes">Testes</stat>
</suite>
</statistics>
<errors>
<msg timestamp="20231103 10:14:05.292" level="WARN">The chromedriver version (117.0.5938.149) detected in PATH at C:\Users\renat\AppData\Local\Programs\Python\Python312\Scripts\chromedriver.exe might not be compatible with the detected chrome version (118.0.5993.120); currently, chromedriver 118.0.5993.70 is recommended for chrome 118.*, so it is advised to delete the driver in PATH and retry</msg>
</errors>
</robot>
