<?xml version="1.0" encoding="UTF-8"?>
<robot generator="Robot 6.1.1 (Python 3.12.0 on win32)" generated="20231205 21:02:39.377" rpa="false" schemaversion="4">
<suite id="s1" name="Estudo Test Template" source="C:\Automação com Robot\LivroRobot\bookstore-demo-test\tests\estudo_test_template.robot">
<test id="s1-t1" name="Teste Campo Nome Vazio" line="11">
<kw name="Realizar novo cadastro" library="realizar_cadastro">
<arg>${EMPTY}</arg>
<arg>teste@teste.com</arg>
<arg>123456</arg>
<arg>123456</arg>
<arg>Insira seu nome</arg>
<kw name="Abrir site Amazon.com" library="common">
<kw name="Open Browser" library="SeleniumLibrary">
<arg>url=${url_amazon}</arg>
<arg>browser=${browser_chrome}</arg>
<doc>Opens a new browser instance to the optional ``url``.</doc>
<msg timestamp="20231205 21:02:39.609" level="INFO">Opening browser 'chrome' to base url 'http://amazon.com.br'.</msg>
<status status="PASS" starttime="20231205 21:02:39.609" endtime="20231205 21:02:43.547"/>
</kw>
<kw name="Maximize Browser Window" library="SeleniumLibrary">
<doc>Maximizes current browser window.</doc>
<status status="PASS" starttime="20231205 21:02:43.547" endtime="20231205 21:02:43.663"/>
</kw>
<status status="PASS" starttime="20231205 21:02:39.609" endtime="20231205 21:02:43.663"/>
</kw>
<kw name="Wait Until Page Contains" library="SeleniumLibrary">
<arg>Comece aqui</arg>
<doc>Waits until ``text`` appears on the current page.</doc>
<status status="PASS" starttime="20231205 21:02:43.663" endtime="20231205 21:02:43.727"/>
</kw>
<kw name="Click Element" library="SeleniumLibrary">
<arg>${comece_aqui}</arg>
<doc>Click the element identified by ``locator``.</doc>
<msg timestamp="20231205 21:02:43.727" level="INFO">Clicking element '//div[@class='nav-signin-tooltip-footer']//a[@class='nav-a'][normalize-space()='Comece aqui.']'.</msg>
<status status="PASS" starttime="20231205 21:02:43.727" endtime="20231205 21:02:45.615"/>
</kw>
<kw name="Wait Until Element Is Visible" library="SeleniumLibrary">
<arg>${seu_nome}</arg>
<arg>timeout=5</arg>
<doc>Waits until the element ``locator`` is visible.</doc>
<status status="PASS" starttime="20231205 21:02:45.615" endtime="20231205 21:02:45.642"/>
</kw>
<kw name="Input Text" library="SeleniumLibrary">
<arg>${seu_nome}</arg>
<arg>${nome}</arg>
<doc>Types the given ``text`` into the text field identified by ``locator``.</doc>
<msg timestamp="20231205 21:02:45.642" level="INFO">Typing text '' into text field 'id:ap_customer_name'.</msg>
<status status="PASS" starttime="20231205 21:02:45.642" endtime="20231205 21:02:45.693"/>
</kw>
<kw name="Input Text" library="SeleniumLibrary">
<arg>${email_ou_telefone}</arg>
<arg>${emailTelefone}</arg>
<doc>Types the given ``text`` into the text field identified by ``locator``.</doc>
<msg timestamp="20231205 21:02:45.693" level="INFO">Typing text 'teste@teste.com' into text field 'id:ap_email'.</msg>
<status status="PASS" starttime="20231205 21:02:45.693" endtime="20231205 21:02:45.780"/>
</kw>
<kw name="Input Password" library="SeleniumLibrary">
<arg>${password}</arg>
<arg>${senha}</arg>
<doc>Types the given password into the text field identified by ``locator``.</doc>
<msg timestamp="20231205 21:02:45.780" level="INFO">Typing password into text field 'id:ap_password'.</msg>
<msg timestamp="20231205 21:02:45.809" level="INFO">Temporally setting log level to: NONE</msg>
<msg timestamp="20231205 21:02:45.849" level="INFO">Log level changed from NONE to INFO.</msg>
<status status="PASS" starttime="20231205 21:02:45.780" endtime="20231205 21:02:45.849"/>
</kw>
<kw name="Input Password" library="SeleniumLibrary">
<arg>${confirma_senha}</arg>
<arg>${conf_senha}</arg>
<doc>Types the given password into the text field identified by ``locator``.</doc>
<msg timestamp="20231205 21:02:45.849" level="INFO">Typing password into text field 'id:ap_password_check'.</msg>
<msg timestamp="20231205 21:02:45.875" level="INFO">Temporally setting log level to: NONE</msg>
<msg timestamp="20231205 21:02:45.910" level="INFO">Log level changed from NONE to INFO.</msg>
<status status="PASS" starttime="20231205 21:02:45.849" endtime="20231205 21:02:45.910"/>
</kw>
<kw name="Click Button" library="SeleniumLibrary">
<arg>${button_continue}</arg>
<doc>Clicks the button identified by ``locator``.</doc>
<msg timestamp="20231205 21:02:45.910" level="INFO">Clicking button 'id:continue'.</msg>
<status status="PASS" starttime="20231205 21:02:45.910" endtime="20231205 21:02:45.960"/>
</kw>
<kw name="Sleep" library="BuiltIn">
<arg>2s</arg>
<doc>Pauses the test executed for the given time.</doc>
<msg timestamp="20231205 21:02:47.961" level="INFO">Slept 2 seconds</msg>
<status status="PASS" starttime="20231205 21:02:45.960" endtime="20231205 21:02:47.961"/>
</kw>
<kw name="Page Should Contain" library="SeleniumLibrary">
<arg>${msg_validação_1}</arg>
<doc>Verifies that current page contains ``text``.</doc>
<msg timestamp="20231205 21:02:47.961" level="INFO">Current page contains text 'Insira seu nome'.</msg>
<status status="PASS" starttime="20231205 21:02:47.961" endtime="20231205 21:02:47.961"/>
</kw>
<kw name="Page Should Contain" library="SeleniumLibrary">
<arg>${msg_validação_2}</arg>
<doc>Verifies that current page contains ``text``.</doc>
<msg timestamp="20231205 21:02:47.990" level="INFO">Current page contains text ''.</msg>
<status status="PASS" starttime="20231205 21:02:47.961" endtime="20231205 21:02:47.990"/>
</kw>
<kw name="Page Should Contain" library="SeleniumLibrary">
<arg>${msg_validação_3}</arg>
<doc>Verifies that current page contains ``text``.</doc>
<msg timestamp="20231205 21:02:48.006" level="INFO">Current page contains text ''.</msg>
<status status="PASS" starttime="20231205 21:02:47.990" endtime="20231205 21:02:48.006"/>
</kw>
<status status="PASS" starttime="20231205 21:02:39.609" endtime="20231205 21:02:48.006"/>
</kw>
<kw name="Close Browser" library="SeleniumLibrary" type="TEARDOWN">
<doc>Closes the current browser.</doc>
<status status="PASS" starttime="20231205 21:02:48.006" endtime="20231205 21:02:50.136"/>
</kw>
<status status="PASS" starttime="20231205 21:02:39.609" endtime="20231205 21:02:50.136"/>
</test>
<test id="s1-t2" name="Teste Campo Email Vazio" line="12">
<kw name="Realizar novo cadastro" library="realizar_cadastro">
<arg>Teste</arg>
<arg>${EMPTY}</arg>
<arg>123456</arg>
<arg>123456</arg>
<arg>Digite seu e-mail ou número de telefone celular</arg>
<kw name="Abrir site Amazon.com" library="common">
<kw name="Open Browser" library="SeleniumLibrary">
<arg>url=${url_amazon}</arg>
<arg>browser=${browser_chrome}</arg>
<doc>Opens a new browser instance to the optional ``url``.</doc>
<msg timestamp="20231205 21:02:50.136" level="INFO">Opening browser 'chrome' to base url 'http://amazon.com.br'.</msg>
<status status="PASS" starttime="20231205 21:02:50.136" endtime="20231205 21:02:53.605"/>
</kw>
<kw name="Maximize Browser Window" library="SeleniumLibrary">
<doc>Maximizes current browser window.</doc>
<status status="PASS" starttime="20231205 21:02:53.605" endtime="20231205 21:02:53.722"/>
</kw>
<status status="PASS" starttime="20231205 21:02:50.136" endtime="20231205 21:02:53.722"/>
</kw>
<kw name="Wait Until Page Contains" library="SeleniumLibrary">
<arg>Comece aqui</arg>
<doc>Waits until ``text`` appears on the current page.</doc>
<status status="PASS" starttime="20231205 21:02:53.722" endtime="20231205 21:02:53.781"/>
</kw>
<kw name="Click Element" library="SeleniumLibrary">
<arg>${comece_aqui}</arg>
<doc>Click the element identified by ``locator``.</doc>
<msg timestamp="20231205 21:02:53.789" level="INFO">Clicking element '//div[@class='nav-signin-tooltip-footer']//a[@class='nav-a'][normalize-space()='Comece aqui.']'.</msg>
<status status="PASS" starttime="20231205 21:02:53.789" endtime="20231205 21:02:54.667"/>
</kw>
<kw name="Wait Until Element Is Visible" library="SeleniumLibrary">
<arg>${seu_nome}</arg>
<arg>timeout=5</arg>
<doc>Waits until the element ``locator`` is visible.</doc>
<status status="PASS" starttime="20231205 21:02:54.667" endtime="20231205 21:02:54.689"/>
</kw>
<kw name="Input Text" library="SeleniumLibrary">
<arg>${seu_nome}</arg>
<arg>${nome}</arg>
<doc>Types the given ``text`` into the text field identified by ``locator``.</doc>
<msg timestamp="20231205 21:02:54.689" level="INFO">Typing text 'Teste' into text field 'id:ap_customer_name'.</msg>
<status status="PASS" starttime="20231205 21:02:54.689" endtime="20231205 21:02:54.763"/>
</kw>
<kw name="Input Text" library="SeleniumLibrary">
<arg>${email_ou_telefone}</arg>
<arg>${emailTelefone}</arg>
<doc>Types the given ``text`` into the text field identified by ``locator``.</doc>
<msg timestamp="20231205 21:02:54.763" level="INFO">Typing text '' into text field 'id:ap_email'.</msg>
<status status="PASS" starttime="20231205 21:02:54.763" endtime="20231205 21:02:54.819"/>
</kw>
<kw name="Input Password" library="SeleniumLibrary">
<arg>${password}</arg>
<arg>${senha}</arg>
<doc>Types the given password into the text field identified by ``locator``.</doc>
<msg timestamp="20231205 21:02:54.819" level="INFO">Typing password into text field 'id:ap_password'.</msg>
<msg timestamp="20231205 21:02:54.833" level="INFO">Temporally setting log level to: NONE</msg>
<msg timestamp="20231205 21:02:54.881" level="INFO">Log level changed from NONE to INFO.</msg>
<status status="PASS" starttime="20231205 21:02:54.819" endtime="20231205 21:02:54.881"/>
</kw>
<kw name="Input Password" library="SeleniumLibrary">
<arg>${confirma_senha}</arg>
<arg>${conf_senha}</arg>
<doc>Types the given password into the text field identified by ``locator``.</doc>
<msg timestamp="20231205 21:02:54.881" level="INFO">Typing password into text field 'id:ap_password_check'.</msg>
<msg timestamp="20231205 21:02:54.902" level="INFO">Temporally setting log level to: NONE</msg>
<msg timestamp="20231205 21:02:54.943" level="INFO">Log level changed from NONE to INFO.</msg>
<status status="PASS" starttime="20231205 21:02:54.881" endtime="20231205 21:02:54.943"/>
</kw>
<kw name="Click Button" library="SeleniumLibrary">
<arg>${button_continue}</arg>
<doc>Clicks the button identified by ``locator``.</doc>
<msg timestamp="20231205 21:02:54.943" level="INFO">Clicking button 'id:continue'.</msg>
<status status="PASS" starttime="20231205 21:02:54.943" endtime="20231205 21:02:54.993"/>
</kw>
<kw name="Sleep" library="BuiltIn">
<arg>2s</arg>
<doc>Pauses the test executed for the given time.</doc>
<msg timestamp="20231205 21:02:56.993" level="INFO">Slept 2 seconds</msg>
<status status="PASS" starttime="20231205 21:02:54.993" endtime="20231205 21:02:56.993"/>
</kw>
<kw name="Page Should Contain" library="SeleniumLibrary">
<arg>${msg_validação_1}</arg>
<doc>Verifies that current page contains ``text``.</doc>
<msg timestamp="20231205 21:02:56.997" level="INFO">Current page contains text 'Digite seu e-mail ou número de telefone celular'.</msg>
<status status="PASS" starttime="20231205 21:02:56.993" endtime="20231205 21:02:56.997"/>
</kw>
<kw name="Page Should Contain" library="SeleniumLibrary">
<arg>${msg_validação_2}</arg>
<doc>Verifies that current page contains ``text``.</doc>
<msg timestamp="20231205 21:02:57.012" level="INFO">Current page contains text ''.</msg>
<status status="PASS" starttime="20231205 21:02:56.997" endtime="20231205 21:02:57.012"/>
</kw>
<kw name="Page Should Contain" library="SeleniumLibrary">
<arg>${msg_validação_3}</arg>
<doc>Verifies that current page contains ``text``.</doc>
<msg timestamp="20231205 21:02:57.044" level="INFO">Current page contains text ''.</msg>
<status status="PASS" starttime="20231205 21:02:57.012" endtime="20231205 21:02:57.044"/>
</kw>
<status status="PASS" starttime="20231205 21:02:50.136" endtime="20231205 21:02:57.044"/>
</kw>
<kw name="Close Browser" library="SeleniumLibrary" type="TEARDOWN">
<doc>Closes the current browser.</doc>
<status status="PASS" starttime="20231205 21:02:57.044" endtime="20231205 21:02:59.181"/>
</kw>
<status status="PASS" starttime="20231205 21:02:50.136" endtime="20231205 21:02:59.181"/>
</test>
<test id="s1-t3" name="Teste Campo Senha Vazio" line="13">
<kw name="Realizar novo cadastro" library="realizar_cadastro">
<arg>Teste</arg>
<arg>teste@teste.com</arg>
<arg>${EMPTY}</arg>
<arg>123456</arg>
<arg>Mínimo de 6 caracteres necessários</arg>
<kw name="Abrir site Amazon.com" library="common">
<kw name="Open Browser" library="SeleniumLibrary">
<arg>url=${url_amazon}</arg>
<arg>browser=${browser_chrome}</arg>
<doc>Opens a new browser instance to the optional ``url``.</doc>
<msg timestamp="20231205 21:02:59.181" level="INFO">Opening browser 'chrome' to base url 'http://amazon.com.br'.</msg>
<status status="PASS" starttime="20231205 21:02:59.181" endtime="20231205 21:03:02.596"/>
</kw>
<kw name="Maximize Browser Window" library="SeleniumLibrary">
<doc>Maximizes current browser window.</doc>
<status status="PASS" starttime="20231205 21:03:02.596" endtime="20231205 21:03:02.724"/>
</kw>
<status status="PASS" starttime="20231205 21:02:59.181" endtime="20231205 21:03:02.724"/>
</kw>
<kw name="Wait Until Page Contains" library="SeleniumLibrary">
<arg>Comece aqui</arg>
<doc>Waits until ``text`` appears on the current page.</doc>
<status status="PASS" starttime="20231205 21:03:02.724" endtime="20231205 21:03:02.760"/>
</kw>
<kw name="Click Element" library="SeleniumLibrary">
<arg>${comece_aqui}</arg>
<doc>Click the element identified by ``locator``.</doc>
<msg timestamp="20231205 21:03:02.760" level="INFO">Clicking element '//div[@class='nav-signin-tooltip-footer']//a[@class='nav-a'][normalize-space()='Comece aqui.']'.</msg>
<status status="PASS" starttime="20231205 21:03:02.760" endtime="20231205 21:03:03.447"/>
</kw>
<kw name="Wait Until Element Is Visible" library="SeleniumLibrary">
<arg>${seu_nome}</arg>
<arg>timeout=5</arg>
<doc>Waits until the element ``locator`` is visible.</doc>
<status status="PASS" starttime="20231205 21:03:03.447" endtime="20231205 21:03:03.459"/>
</kw>
<kw name="Input Text" library="SeleniumLibrary">
<arg>${seu_nome}</arg>
<arg>${nome}</arg>
<doc>Types the given ``text`` into the text field identified by ``locator``.</doc>
<msg timestamp="20231205 21:03:03.459" level="INFO">Typing text 'Teste' into text field 'id:ap_customer_name'.</msg>
<status status="PASS" starttime="20231205 21:03:03.459" endtime="20231205 21:03:03.530"/>
</kw>
<kw name="Input Text" library="SeleniumLibrary">
<arg>${email_ou_telefone}</arg>
<arg>${emailTelefone}</arg>
<doc>Types the given ``text`` into the text field identified by ``locator``.</doc>
<msg timestamp="20231205 21:03:03.530" level="INFO">Typing text 'teste@teste.com' into text field 'id:ap_email'.</msg>
<status status="PASS" starttime="20231205 21:03:03.530" endtime="20231205 21:03:03.603"/>
</kw>
<kw name="Input Password" library="SeleniumLibrary">
<arg>${password}</arg>
<arg>${senha}</arg>
<doc>Types the given password into the text field identified by ``locator``.</doc>
<msg timestamp="20231205 21:03:03.603" level="INFO">Typing password into text field 'id:ap_password'.</msg>
<msg timestamp="20231205 21:03:03.627" level="INFO">Temporally setting log level to: NONE</msg>
<msg timestamp="20231205 21:03:03.658" level="INFO">Log level changed from NONE to INFO.</msg>
<status status="PASS" starttime="20231205 21:03:03.603" endtime="20231205 21:03:03.658"/>
</kw>
<kw name="Input Password" library="SeleniumLibrary">
<arg>${confirma_senha}</arg>
<arg>${conf_senha}</arg>
<doc>Types the given password into the text field identified by ``locator``.</doc>
<msg timestamp="20231205 21:03:03.658" level="INFO">Typing password into text field 'id:ap_password_check'.</msg>
<msg timestamp="20231205 21:03:03.685" level="INFO">Temporally setting log level to: NONE</msg>
<msg timestamp="20231205 21:03:03.727" level="INFO">Log level changed from NONE to INFO.</msg>
<status status="PASS" starttime="20231205 21:03:03.658" endtime="20231205 21:03:03.727"/>
</kw>
<kw name="Click Button" library="SeleniumLibrary">
<arg>${button_continue}</arg>
<doc>Clicks the button identified by ``locator``.</doc>
<msg timestamp="20231205 21:03:03.729" level="INFO">Clicking button 'id:continue'.</msg>
<status status="PASS" starttime="20231205 21:03:03.727" endtime="20231205 21:03:03.778"/>
</kw>
<kw name="Sleep" library="BuiltIn">
<arg>2s</arg>
<doc>Pauses the test executed for the given time.</doc>
<msg timestamp="20231205 21:03:05.779" level="INFO">Slept 2 seconds</msg>
<status status="PASS" starttime="20231205 21:03:03.778" endtime="20231205 21:03:05.779"/>
</kw>
<kw name="Page Should Contain" library="SeleniumLibrary">
<arg>${msg_validação_1}</arg>
<doc>Verifies that current page contains ``text``.</doc>
<msg timestamp="20231205 21:03:05.779" level="INFO">Current page contains text 'Mínimo de 6 caracteres necessários'.</msg>
<status status="PASS" starttime="20231205 21:03:05.779" endtime="20231205 21:03:05.779"/>
</kw>
<kw name="Page Should Contain" library="SeleniumLibrary">
<arg>${msg_validação_2}</arg>
<doc>Verifies that current page contains ``text``.</doc>
<msg timestamp="20231205 21:03:05.826" level="INFO">Current page contains text ''.</msg>
<status status="PASS" starttime="20231205 21:03:05.779" endtime="20231205 21:03:05.826"/>
</kw>
<kw name="Page Should Contain" library="SeleniumLibrary">
<arg>${msg_validação_3}</arg>
<doc>Verifies that current page contains ``text``.</doc>
<msg timestamp="20231205 21:03:05.858" level="INFO">Current page contains text ''.</msg>
<status status="PASS" starttime="20231205 21:03:05.826" endtime="20231205 21:03:05.858"/>
</kw>
<status status="PASS" starttime="20231205 21:02:59.181" endtime="20231205 21:03:05.858"/>
</kw>
<kw name="Close Browser" library="SeleniumLibrary" type="TEARDOWN">
<doc>Closes the current browser.</doc>
<status status="PASS" starttime="20231205 21:03:05.858" endtime="20231205 21:03:07.990"/>
</kw>
<status status="PASS" starttime="20231205 21:02:59.181" endtime="20231205 21:03:07.990"/>
</test>
<test id="s1-t4" name="Teste Campo Confirma Senha Vazio" line="14">
<kw name="Realizar novo cadastro" library="realizar_cadastro">
<arg>Teste</arg>
<arg>teste@teste.com</arg>
<arg>123456</arg>
<arg>${EMPTY}</arg>
<arg>Digite sua senha novamente</arg>
<kw name="Abrir site Amazon.com" library="common">
<kw name="Open Browser" library="SeleniumLibrary">
<arg>url=${url_amazon}</arg>
<arg>browser=${browser_chrome}</arg>
<doc>Opens a new browser instance to the optional ``url``.</doc>
<msg timestamp="20231205 21:03:07.990" level="INFO">Opening browser 'chrome' to base url 'http://amazon.com.br'.</msg>
<status status="PASS" starttime="20231205 21:03:07.990" endtime="20231205 21:03:11.358"/>
</kw>
<kw name="Maximize Browser Window" library="SeleniumLibrary">
<doc>Maximizes current browser window.</doc>
<status status="PASS" starttime="20231205 21:03:11.358" endtime="20231205 21:03:11.476"/>
</kw>
<status status="PASS" starttime="20231205 21:03:07.990" endtime="20231205 21:03:11.476"/>
</kw>
<kw name="Wait Until Page Contains" library="SeleniumLibrary">
<arg>Comece aqui</arg>
<doc>Waits until ``text`` appears on the current page.</doc>
<status status="PASS" starttime="20231205 21:03:11.476" endtime="20231205 21:03:11.509"/>
</kw>
<kw name="Click Element" library="SeleniumLibrary">
<arg>${comece_aqui}</arg>
<doc>Click the element identified by ``locator``.</doc>
<msg timestamp="20231205 21:03:11.509" level="INFO">Clicking element '//div[@class='nav-signin-tooltip-footer']//a[@class='nav-a'][normalize-space()='Comece aqui.']'.</msg>
<status status="PASS" starttime="20231205 21:03:11.509" endtime="20231205 21:03:12.452"/>
</kw>
<kw name="Wait Until Element Is Visible" library="SeleniumLibrary">
<arg>${seu_nome}</arg>
<arg>timeout=5</arg>
<doc>Waits until the element ``locator`` is visible.</doc>
<status status="PASS" starttime="20231205 21:03:12.452" endtime="20231205 21:03:12.474"/>
</kw>
<kw name="Input Text" library="SeleniumLibrary">
<arg>${seu_nome}</arg>
<arg>${nome}</arg>
<doc>Types the given ``text`` into the text field identified by ``locator``.</doc>
<msg timestamp="20231205 21:03:12.474" level="INFO">Typing text 'Teste' into text field 'id:ap_customer_name'.</msg>
<status status="PASS" starttime="20231205 21:03:12.474" endtime="20231205 21:03:12.544"/>
</kw>
<kw name="Input Text" library="SeleniumLibrary">
<arg>${email_ou_telefone}</arg>
<arg>${emailTelefone}</arg>
<doc>Types the given ``text`` into the text field identified by ``locator``.</doc>
<msg timestamp="20231205 21:03:12.544" level="INFO">Typing text 'teste@teste.com' into text field 'id:ap_email'.</msg>
<status status="PASS" starttime="20231205 21:03:12.544" endtime="20231205 21:03:12.624"/>
</kw>
<kw name="Input Password" library="SeleniumLibrary">
<arg>${password}</arg>
<arg>${senha}</arg>
<doc>Types the given password into the text field identified by ``locator``.</doc>
<msg timestamp="20231205 21:03:12.624" level="INFO">Typing password into text field 'id:ap_password'.</msg>
<msg timestamp="20231205 21:03:12.651" level="INFO">Temporally setting log level to: NONE</msg>
<msg timestamp="20231205 21:03:12.689" level="INFO">Log level changed from NONE to INFO.</msg>
<status status="PASS" starttime="20231205 21:03:12.624" endtime="20231205 21:03:12.689"/>
</kw>
<kw name="Input Password" library="SeleniumLibrary">
<arg>${confirma_senha}</arg>
<arg>${conf_senha}</arg>
<doc>Types the given password into the text field identified by ``locator``.</doc>
<msg timestamp="20231205 21:03:12.689" level="INFO">Typing password into text field 'id:ap_password_check'.</msg>
<msg timestamp="20231205 21:03:12.709" level="INFO">Temporally setting log level to: NONE</msg>
<msg timestamp="20231205 21:03:12.734" level="INFO">Log level changed from NONE to INFO.</msg>
<status status="PASS" starttime="20231205 21:03:12.689" endtime="20231205 21:03:12.734"/>
</kw>
<kw name="Click Button" library="SeleniumLibrary">
<arg>${button_continue}</arg>
<doc>Clicks the button identified by ``locator``.</doc>
<msg timestamp="20231205 21:03:12.734" level="INFO">Clicking button 'id:continue'.</msg>
<status status="PASS" starttime="20231205 21:03:12.734" endtime="20231205 21:03:12.789"/>
</kw>
<kw name="Sleep" library="BuiltIn">
<arg>2s</arg>
<doc>Pauses the test executed for the given time.</doc>
<msg timestamp="20231205 21:03:14.789" level="INFO">Slept 2 seconds</msg>
<status status="PASS" starttime="20231205 21:03:12.789" endtime="20231205 21:03:14.789"/>
</kw>
<kw name="Page Should Contain" library="SeleniumLibrary">
<arg>${msg_validação_1}</arg>
<doc>Verifies that current page contains ``text``.</doc>
<msg timestamp="20231205 21:03:14.789" level="INFO">Current page contains text 'Digite sua senha novamente'.</msg>
<status status="PASS" starttime="20231205 21:03:14.789" endtime="20231205 21:03:14.789"/>
</kw>
<kw name="Page Should Contain" library="SeleniumLibrary">
<arg>${msg_validação_2}</arg>
<doc>Verifies that current page contains ``text``.</doc>
<msg timestamp="20231205 21:03:14.820" level="INFO">Current page contains text ''.</msg>
<status status="PASS" starttime="20231205 21:03:14.789" endtime="20231205 21:03:14.820"/>
</kw>
<kw name="Page Should Contain" library="SeleniumLibrary">
<arg>${msg_validação_3}</arg>
<doc>Verifies that current page contains ``text``.</doc>
<msg timestamp="20231205 21:03:14.836" level="INFO">Current page contains text ''.</msg>
<status status="PASS" starttime="20231205 21:03:14.820" endtime="20231205 21:03:14.836"/>
</kw>
<status status="PASS" starttime="20231205 21:03:07.990" endtime="20231205 21:03:14.836"/>
</kw>
<kw name="Close Browser" library="SeleniumLibrary" type="TEARDOWN">
<doc>Closes the current browser.</doc>
<status status="PASS" starttime="20231205 21:03:14.836" endtime="20231205 21:03:16.964"/>
</kw>
<status status="PASS" starttime="20231205 21:03:07.990" endtime="20231205 21:03:16.964"/>
</test>
<test id="s1-t5" name="Teste Campos Vazios" line="15">
<kw name="Realizar novo cadastro" library="realizar_cadastro">
<arg>${EMPTY}</arg>
<arg>${EMPTY}</arg>
<arg>${EMPTY}</arg>
<arg>${EMPTY}</arg>
<arg>Insira seu nome</arg>
<arg>Digite seu e-mail ou número de telefone celular</arg>
<arg>Mínimo de 6 caracteres necessários</arg>
<kw name="Abrir site Amazon.com" library="common">
<kw name="Open Browser" library="SeleniumLibrary">
<arg>url=${url_amazon}</arg>
<arg>browser=${browser_chrome}</arg>
<doc>Opens a new browser instance to the optional ``url``.</doc>
<msg timestamp="20231205 21:03:16.964" level="INFO">Opening browser 'chrome' to base url 'http://amazon.com.br'.</msg>
<status status="PASS" starttime="20231205 21:03:16.964" endtime="20231205 21:03:20.633"/>
</kw>
<kw name="Maximize Browser Window" library="SeleniumLibrary">
<doc>Maximizes current browser window.</doc>
<status status="PASS" starttime="20231205 21:03:20.633" endtime="20231205 21:03:20.757"/>
</kw>
<status status="PASS" starttime="20231205 21:03:16.964" endtime="20231205 21:03:20.757"/>
</kw>
<kw name="Wait Until Page Contains" library="SeleniumLibrary">
<arg>Comece aqui</arg>
<doc>Waits until ``text`` appears on the current page.</doc>
<status status="PASS" starttime="20231205 21:03:20.757" endtime="20231205 21:03:20.776"/>
</kw>
<kw name="Click Element" library="SeleniumLibrary">
<arg>${comece_aqui}</arg>
<doc>Click the element identified by ``locator``.</doc>
<msg timestamp="20231205 21:03:20.776" level="INFO">Clicking element '//div[@class='nav-signin-tooltip-footer']//a[@class='nav-a'][normalize-space()='Comece aqui.']'.</msg>
<status status="PASS" starttime="20231205 21:03:20.776" endtime="20231205 21:03:21.662"/>
</kw>
<kw name="Wait Until Element Is Visible" library="SeleniumLibrary">
<arg>${seu_nome}</arg>
<arg>timeout=5</arg>
<doc>Waits until the element ``locator`` is visible.</doc>
<status status="PASS" starttime="20231205 21:03:21.662" endtime="20231205 21:03:21.687"/>
</kw>
<kw name="Input Text" library="SeleniumLibrary">
<arg>${seu_nome}</arg>
<arg>${nome}</arg>
<doc>Types the given ``text`` into the text field identified by ``locator``.</doc>
<msg timestamp="20231205 21:03:21.687" level="INFO">Typing text '' into text field 'id:ap_customer_name'.</msg>
<status status="PASS" starttime="20231205 21:03:21.687" endtime="20231205 21:03:21.736"/>
</kw>
<kw name="Input Text" library="SeleniumLibrary">
<arg>${email_ou_telefone}</arg>
<arg>${emailTelefone}</arg>
<doc>Types the given ``text`` into the text field identified by ``locator``.</doc>
<msg timestamp="20231205 21:03:21.736" level="INFO">Typing text '' into text field 'id:ap_email'.</msg>
<status status="PASS" starttime="20231205 21:03:21.736" endtime="20231205 21:03:21.792"/>
</kw>
<kw name="Input Password" library="SeleniumLibrary">
<arg>${password}</arg>
<arg>${senha}</arg>
<doc>Types the given password into the text field identified by ``locator``.</doc>
<msg timestamp="20231205 21:03:21.800" level="INFO">Typing password into text field 'id:ap_password'.</msg>
<msg timestamp="20231205 21:03:21.821" level="INFO">Temporally setting log level to: NONE</msg>
<msg timestamp="20231205 21:03:21.852" level="INFO">Log level changed from NONE to INFO.</msg>
<status status="PASS" starttime="20231205 21:03:21.800" endtime="20231205 21:03:21.852"/>
</kw>
<kw name="Input Password" library="SeleniumLibrary">
<arg>${confirma_senha}</arg>
<arg>${conf_senha}</arg>
<doc>Types the given password into the text field identified by ``locator``.</doc>
<msg timestamp="20231205 21:03:21.852" level="INFO">Typing password into text field 'id:ap_password_check'.</msg>
<msg timestamp="20231205 21:03:21.878" level="INFO">Temporally setting log level to: NONE</msg>
<msg timestamp="20231205 21:03:21.896" level="INFO">Log level changed from NONE to INFO.</msg>
<status status="PASS" starttime="20231205 21:03:21.852" endtime="20231205 21:03:21.896"/>
</kw>
<kw name="Click Button" library="SeleniumLibrary">
<arg>${button_continue}</arg>
<doc>Clicks the button identified by ``locator``.</doc>
<msg timestamp="20231205 21:03:21.896" level="INFO">Clicking button 'id:continue'.</msg>
<status status="PASS" starttime="20231205 21:03:21.896" endtime="20231205 21:03:21.957"/>
</kw>
<kw name="Sleep" library="BuiltIn">
<arg>2s</arg>
<doc>Pauses the test executed for the given time.</doc>
<msg timestamp="20231205 21:03:23.958" level="INFO">Slept 2 seconds</msg>
<status status="PASS" starttime="20231205 21:03:21.958" endtime="20231205 21:03:23.958"/>
</kw>
<kw name="Page Should Contain" library="SeleniumLibrary">
<arg>${msg_validação_1}</arg>
<doc>Verifies that current page contains ``text``.</doc>
<msg timestamp="20231205 21:03:23.958" level="INFO">Current page contains text 'Insira seu nome'.</msg>
<status status="PASS" starttime="20231205 21:03:23.958" endtime="20231205 21:03:23.958"/>
</kw>
<kw name="Page Should Contain" library="SeleniumLibrary">
<arg>${msg_validação_2}</arg>
<doc>Verifies that current page contains ``text``.</doc>
<msg timestamp="20231205 21:03:23.971" level="INFO">Current page contains text 'Digite seu e-mail ou número de telefone celular'.</msg>
<status status="PASS" starttime="20231205 21:03:23.958" endtime="20231205 21:03:23.971"/>
</kw>
<kw name="Page Should Contain" library="SeleniumLibrary">
<arg>${msg_validação_3}</arg>
<doc>Verifies that current page contains ``text``.</doc>
<msg timestamp="20231205 21:03:23.971" level="INFO">Current page contains text 'Mínimo de 6 caracteres necessários'.</msg>
<status status="PASS" starttime="20231205 21:03:23.971" endtime="20231205 21:03:23.971"/>
</kw>
<status status="PASS" starttime="20231205 21:03:16.964" endtime="20231205 21:03:23.971"/>
</kw>
<kw name="Close Browser" library="SeleniumLibrary" type="TEARDOWN">
<doc>Closes the current browser.</doc>
<status status="PASS" starttime="20231205 21:03:23.971" endtime="20231205 21:03:26.107"/>
</kw>
<status status="PASS" starttime="20231205 21:03:16.964" endtime="20231205 21:03:26.107"/>
</test>
<doc>Automação utilizando Test Template</doc>
<status status="PASS" starttime="20231205 21:02:39.377" endtime="20231205 21:03:26.107"/>
</suite>
<statistics>
<total>
<stat pass="5" fail="0" skip="0">All Tests</stat>
</total>
<tag>
</tag>
<suite>
<stat pass="5" fail="0" skip="0" id="s1" name="Estudo Test Template">Estudo Test Template</stat>
</suite>
</statistics>
<errors>
</errors>
</robot>
