<?xml version="1.0" encoding="UTF-8"?>
<robot generator="Robot 6.1.1 (Python 3.12.0 on win32)" generated="20231118 23:13:38.656" rpa="false" schemaversion="4">
<suite id="s1" name="Testes" source="C:\Automação com Robot\LivroRobot\bookstore-demo-test\tests\testes.robot">
<test id="s1-t1" name="Scenario: Success sign in as Natural Person" line="31">
<kw name="Gerar dados fake" library="dataprovider">
<kw name="Name Male" library="FakerLibrary">
<var>${nome}</var>
<msg timestamp="20231118 23:13:39.112" level="INFO">${nome} = Arthur Phelps</msg>
<status status="PASS" starttime="20231118 23:13:39.112" endtime="20231118 23:13:39.112"/>
</kw>
<kw name="Email" library="FakerLibrary">
<var>${email}</var>
<msg timestamp="20231118 23:13:39.128" level="INFO">${email} = xwilliamson@example.net</msg>
<status status="PASS" starttime="20231118 23:13:39.112" endtime="20231118 23:13:39.128"/>
</kw>
<kw name="Password" library="FakerLibrary">
<var>${senha}</var>
<doc>Generate a random password of the specified ``length``.</doc>
<msg timestamp="20231118 23:13:39.128" level="INFO">${senha} = #8#TQJym&amp;z</msg>
<status status="PASS" starttime="20231118 23:13:39.128" endtime="20231118 23:13:39.128"/>
</kw>
<kw name="Date Of Birth" library="FakerLibrary">
<var>${data_nascimento}</var>
<arg>minimum_age=18</arg>
<arg>maximum_age=80</arg>
<doc>Generate a random date of birth represented as a Date object,
constrained by optional miminimum_age and maximum_age
parameters.</doc>
<msg timestamp="20231118 23:13:39.128" level="INFO">${data_nascimento} = 1951-04-02</msg>
<status status="PASS" starttime="20231118 23:13:39.128" endtime="20231118 23:13:39.128"/>
</kw>
<kw name="Convert Date" library="DateTime">
<var>${data}</var>
<arg>${data_nascimento}</arg>
<arg>result_format=%d.%m.%Y</arg>
<doc>Converts between supported `date formats`.</doc>
<msg timestamp="20231118 23:13:39.128" level="FAIL">ValueError: Unsupported input '1951-04-02'.</msg>
<status status="FAIL" starttime="20231118 23:13:39.128" endtime="20231118 23:13:39.128"/>
</kw>
<kw name="Set Test Variable" library="BuiltIn">
<arg>${NOME_FAKE}</arg>
<arg>${nome}</arg>
<doc>Makes a variable available everywhere within the scope of the current test.</doc>
<status status="NOT RUN" starttime="20231118 23:13:39.128" endtime="20231118 23:13:39.128"/>
</kw>
<kw name="Set Test Variable" library="BuiltIn">
<arg>${EMAIL_FAKE}</arg>
<arg>${email}</arg>
<doc>Makes a variable available everywhere within the scope of the current test.</doc>
<status status="NOT RUN" starttime="20231118 23:13:39.128" endtime="20231118 23:13:39.128"/>
</kw>
<kw name="Set Test Variable" library="BuiltIn">
<arg>${SENHA_FAKE}</arg>
<arg>${senha}</arg>
<doc>Makes a variable available everywhere within the scope of the current test.</doc>
<status status="NOT RUN" starttime="20231118 23:13:39.128" endtime="20231118 23:13:39.128"/>
</kw>
<kw name="Set Test Variable" library="BuiltIn">
<arg>${DATA_NASCIMENTO_FAKE}</arg>
<arg>${data}</arg>
<doc>Makes a variable available everywhere within the scope of the current test.</doc>
<status status="NOT RUN" starttime="20231118 23:13:39.128" endtime="20231118 23:13:39.128"/>
</kw>
<status status="FAIL" starttime="20231118 23:13:39.112" endtime="20231118 23:13:39.128"/>
</kw>
<kw name="Log" library="BuiltIn">
<arg>NOME FAKE: ${NOME_FAKE}</arg>
<arg>console=True</arg>
<doc>Logs the given message with the given level.</doc>
<status status="NOT RUN" starttime="20231118 23:13:39.128" endtime="20231118 23:13:39.128"/>
</kw>
<kw name="Log" library="BuiltIn">
<arg>EMAIL FAKE: ${EMAIL_FAKE}</arg>
<arg>console=True</arg>
<doc>Logs the given message with the given level.</doc>
<status status="NOT RUN" starttime="20231118 23:13:39.128" endtime="20231118 23:13:39.128"/>
</kw>
<kw name="Log" library="BuiltIn">
<arg>SENHA FAKE: ${SENHA_FAKE}</arg>
<arg>console=True</arg>
<doc>Logs the given message with the given level.</doc>
<status status="NOT RUN" starttime="20231118 23:13:39.128" endtime="20231118 23:13:39.128"/>
</kw>
<kw name="Log" library="BuiltIn">
<arg>SENHA FAKE: ${DATA_NASCIMENTO_FAKE}</arg>
<arg>console=True</arg>
<doc>Logs the given message with the given level.</doc>
<status status="NOT RUN" starttime="20231118 23:13:39.128" endtime="20231118 23:13:39.128"/>
</kw>
<status status="FAIL" starttime="20231118 23:13:39.112" endtime="20231118 23:13:39.128">ValueError: Unsupported input '1951-04-02'.</status>
</test>
<status status="FAIL" starttime="20231118 23:13:38.656" endtime="20231118 23:13:39.128"/>
</suite>
<statistics>
<total>
<stat pass="0" fail="1" skip="0">All Tests</stat>
</total>
<tag>
</tag>
<suite>
<stat pass="0" fail="1" skip="0" id="s1" name="Testes">Testes</stat>
</suite>
</statistics>
<errors>
<msg timestamp="20231118 23:13:39.097" level="ERROR">Error in file 'C:\Automação com Robot\LivroRobot\bookstore-demo-test\resources\pages\pages_amazon\realizar_cadastro.resource' on line 4: Resource file '..\page_objects\po_func_cadastrar.resource' does not exist.</msg>
<msg timestamp="20231118 23:13:39.112" level="ERROR">Error in file 'C:\Automação com Robot\LivroRobot\bookstore-demo-test\resources\pages\pages_amazon\pesquisar_produto.resource' on line 3: Resource file '..\page_objects\po_func_pesquisar_produto.resource' does not exist.</msg>
</errors>
</robot>
